IQ-TREE multicore version 1.6.3 for Linux 64-bit built Mar 22 2018
Developed by Bui Quang Minh, Nguyen Lam Tung, Olga Chernomor,
Heiko Schmidt, Dominik Schrempf, Michael Woodhams.

Host:    i32 (AVX2, FMA3, 503 GB RAM)
Command: iqtree -s Ento.10_taxa.JGI_1086.fasaln -bb 1000 -st AA -seed 2231 -t BIONJ -pre Ento.10_taxa.JGI_1086.RUN -o Coere1 -nt AUTO -spp Ento.10_taxa.JGI_1086.partitions.txt -bspec GENESITE
Seed:    2231 (Using SPRNG - Scalable Parallel Random Number Generator)
Time:    Wed Apr 11 21:52:41 2018
Kernel:  AVX+FMA - auto-detect threads (64 CPU cores detected)

Reading partition model file Ento.10_taxa.JGI_1086.partitions.txt ...
Reading alignment file Ento.10_taxa.JGI_1086.fasaln ... Fasta format detected
Alignment most likely contains protein sequences
Alignment has 10 sequences with 157077 columns, 93028 distinct patterns
67449 parsimony-informative, 45369 singleton sites, 44259 constant sites
            Gap/Ambiguity  Composition  p-value
   1  Coere1        8.17%    failed      0.00%
   2  DrSc          3.47%    failed      0.00%
   3  Emusc_isoH    7.73%    failed      0.00%
   4  Pfor         10.94%    failed      0.00%
   5  ZRAD          4.99%    failed      0.00%
   6  Conco1       10.68%    failed      0.00%
   7  N159          6.28%    failed      0.00%
   8  Conth1        6.41%    failed      0.00%
   9  MCIC         79.39%    failed      0.00%
  10  MPLAT        60.17%    failed      0.00%
WARNING: 2 sequences contain more than 50% gaps/ambiguity
****  TOTAL        19.82%  10 sequences failed composition chi2 test (p-value<5%; df=19)

Partition file is not in NEXUS format, assuming RAxML-style partition file...
Subset	Type	Seqs	Sites	Infor	Invar	Model	Name
1	AA	7	134	44	50	WAG	1086.2497.aa
2	AA	9	936	598	81	WAG	1086.1993.aa
3	AA	9	339	220	48	WAG	1086.2119.aa
4	AA	8	219	127	43	WAG	1086.2388.aa
5	AA	7	283	80	148	WAG	1086.1865.aa
6	AA	9	448	224	124	WAG	1086.2358.aa
7	AA	9	514	251	129	WAG	1086.2540.aa
8	AA	8	92	38	26	WAG	1086.2047.aa
9	AA	8	797	313	219	WAG	1086.1916.aa
10	AA	9	348	104	144	WAG	1086.2041.aa
11	AA	8	796	391	152	WAG	1086.2324.aa
12	AA	8	578	317	94	WAG	1086.2057.aa
13	AA	3	80	0	80	WAG	1086.2435.aa
WARNING: No parsimony-informative sites in partition 1086.2435.aa
14	AA	9	453	219	61	WAG	1086.2259.aa
15	AA	10	106	35	39	WAG	1086.2419.aa
16	AA	8	541	93	394	WAG	1086.1974.aa
17	AA	7	358	97	135	WAG	1086.2218.aa
18	AA	3	110	0	110	WAG	1086.2529.aa
WARNING: No parsimony-informative sites in partition 1086.2529.aa
19	AA	7	345	103	78	WAG	1086.2146.aa
20	AA	7	264	103	33	WAG	1086.2326.aa
21	AA	8	195	46	123	WAG	1086.2587.aa
22	AA	9	754	310	204	WAG	1086.1871.aa
23	AA	10	397	196	103	WAG	1086.1870.aa
24	AA	10	430	80	304	WAG	1086.2124.aa
25	AA	8	416	201	104	WAG	1086.2120.aa
26	AA	8	558	303	101	WAG	1086.1987.aa
27	AA	8	663	283	104	WAG	1086.2598.aa
28	AA	10	202	145	30	WAG	1086.2116.aa
29	AA	9	455	193	128	WAG	1086.1928.aa
30	AA	8	300	125	97	WAG	1086.2305.aa
31	AA	7	168	92	29	WAG	1086.2385.aa
32	AA	10	258	119	103	WAG	1086.2394.aa
33	AA	8	275	119	30	WAG	1086.2432.aa
34	AA	8	151	56	56	WAG	1086.2539.aa
35	AA	10	315	144	46	WAG	1086.2483.aa
36	AA	7	253	118	65	WAG	1086.2551.aa
37	AA	8	253	126	49	WAG	1086.2293.aa
38	AA	9	359	215	61	WAG	1086.2295.aa
39	AA	8	265	145	84	WAG	1086.2359.aa
40	AA	8	185	69	69	WAG	1086.2585.aa
41	AA	8	854	372	244	WAG	1086.1809.aa
42	AA	7	339	153	96	WAG	1086.2391.aa
43	AA	9	316	142	86	WAG	1086.2499.aa
44	AA	9	295	132	98	WAG	1086.2074.aa
45	AA	8	535	200	192	WAG	1086.2011.aa
46	AA	7	319	49	55	WAG	1086.2523.aa
47	AA	8	787	379	153	WAG	1086.2070.aa
48	AA	9	1094	553	312	WAG	1086.2005.aa
49	AA	10	306	126	101	WAG	1086.1950.aa
50	AA	8	480	199	154	WAG	1086.2139.aa
51	AA	8	405	219	67	WAG	1086.1959.aa
52	AA	10	207	106	61	WAG	1086.2249.aa
53	AA	9	143	64	59	WAG	1086.2316.aa
54	AA	9	308	170	46	WAG	1086.2343.aa
55	AA	8	356	180	58	WAG	1086.2274.aa
56	AA	8	365	196	94	WAG	1086.2339.aa
57	AA	7	243	73	67	WAG	1086.2390.aa
58	AA	3	1143	0	572	WAG	1086.2398.aa
WARNING: No parsimony-informative sites in partition 1086.2398.aa
59	AA	9	273	131	75	WAG	1086.2087.aa
60	AA	9	199	70	74	WAG	1086.2590.aa
61	AA	10	179	75	76	WAG	1086.2020.aa
62	AA	8	351	159	66	WAG	1086.2397.aa
63	AA	8	223	117	37	WAG	1086.2251.aa
64	AA	8	293	109	111	WAG	1086.1939.aa
65	AA	7	370	130	71	WAG	1086.2579.aa
66	AA	9	216	74	107	WAG	1086.2384.aa
67	AA	5	202	27	48	WAG	1086.2266.aa
68	AA	8	502	256	99	WAG	1086.2314.aa
69	AA	10	400	202	56	WAG	1086.1998.aa
70	AA	8	492	217	106	WAG	1086.1747.aa
71	AA	9	552	263	184	WAG	1086.1926.aa
72	AA	8	401	181	70	WAG	1086.2468.aa
73	AA	8	135	64	25	WAG	1086.2615.aa
74	AA	9	276	158	56	WAG	1086.2094.aa
75	AA	8	180	87	52	WAG	1086.2511.aa
76	AA	7	691	329	156	WAG	1086.2280.aa
77	AA	8	720	336	170	WAG	1086.2138.aa
78	AA	8	239	87	79	WAG	1086.2330.aa
79	AA	8	183	78	56	WAG	1086.2583.aa
80	AA	8	373	114	133	WAG	1086.2115.aa
81	AA	8	193	108	36	WAG	1086.2395.aa
82	AA	8	289	128	32	WAG	1086.2300.aa
83	AA	8	157	86	38	WAG	1086.2299.aa
84	AA	8	340	190	67	WAG	1086.2554.aa
85	AA	9	307	83	90	WAG	1086.2160.aa
86	AA	8	409	212	93	WAG	1086.2367.aa
87	AA	8	231	118	42	WAG	1086.2609.aa
88	AA	9	297	139	29	WAG	1086.2281.aa
89	AA	5	348	85	56	WAG	1086.2361.aa
90	AA	10	466	337	47	WAG	1086.2401.aa
91	AA	8	229	117	56	WAG	1086.2406.aa
92	AA	10	213	33	143	WAG	1086.1970.aa
93	AA	8	625	307	132	WAG	1086.2239.aa
94	AA	3	417	0	135	WAG	1086.1957.aa
WARNING: No parsimony-informative sites in partition 1086.1957.aa
95	AA	5	246	50	101	WAG	1086.2546.aa
96	AA	8	165	118	21	WAG	1086.2173.aa
97	AA	9	314	186	35	WAG	1086.2030.aa
98	AA	8	183	92	44	WAG	1086.2588.aa
99	AA	7	204	112	23	WAG	1086.2538.aa
100	AA	8	671	254	154	WAG	1086.2581.aa
101	AA	8	262	162	44	WAG	1086.2374.aa
102	AA	8	229	85	94	WAG	1086.2215.aa
103	AA	8	298	114	120	WAG	1086.1949.aa
104	AA	8	118	51	39	WAG	1086.2603.aa
105	AA	10	481	198	152	WAG	1086.1985.aa
106	AA	8	331	180	51	WAG	1086.2443.aa
107	AA	9	494	47	397	WAG	1086.1891.aa
108	AA	9	428	285	50	WAG	1086.2366.aa
109	AA	9	357	233	43	WAG	1086.2606.aa
110	AA	8	140	43	37	WAG	1086.2152.aa
111	AA	10	454	196	105	WAG	1086.1812.aa
112	AA	8	275	146	49	WAG	1086.2199.aa
113	AA	8	234	141	37	WAG	1086.2219.aa
114	AA	8	306	152	72	WAG	1086.2027.aa
115	AA	10	288	126	90	WAG	1086.2096.aa
116	AA	8	345	83	190	WAG	1086.2283.aa
117	AA	9	266	88	87	WAG	1086.2515.aa
118	AA	8	209	62	77	WAG	1086.2463.aa
119	AA	9	195	56	96	WAG	1086.2569.aa
120	AA	8	156	47	83	WAG	1086.2179.aa
121	AA	9	437	269	79	WAG	1086.2340.aa
122	AA	8	435	188	91	WAG	1086.2141.aa
123	AA	9	323	109	89	WAG	1086.2177.aa
124	AA	8	313	142	77	WAG	1086.2188.aa
125	AA	9	726	241	347	WAG	1086.1885.aa
126	AA	10	426	279	72	WAG	1086.2168.aa
127	AA	8	223	100	61	WAG	1086.2582.aa
128	AA	10	166	33	112	WAG	1086.2512.aa
129	AA	8	230	91	67	WAG	1086.2023.aa
130	AA	9	469	257	116	WAG	1086.2414.aa
131	AA	9	535	240	203	WAG	1086.2150.aa
132	AA	8	334	160	60	WAG	1086.2410.aa
133	AA	10	342	152	141	WAG	1086.2248.aa
134	AA	8	273	147	57	WAG	1086.2495.aa
135	AA	9	592	221	235	WAG	1086.1933.aa
136	AA	8	295	100	135	WAG	1086.2493.aa
137	AA	9	271	113	106	WAG	1086.2269.aa
138	AA	10	303	104	131	WAG	1086.2064.aa
139	AA	4	190	14	57	WAG	1086.2473.aa
140	AA	9	700	273	263	WAG	1086.1901.aa
141	AA	8	245	105	87	WAG	1086.2548.aa
142	AA	9	292	142	67	WAG	1086.2071.aa
143	AA	8	161	58	62	WAG	1086.2458.aa
144	AA	10	999	435	246	WAG	1086.2161.aa
145	AA	8	114	50	33	WAG	1086.2531.aa
146	AA	6	225	85	47	WAG	1086.2076.aa
147	AA	5	498	58	122	WAG	1086.2543.aa
148	AA	7	114	56	28	WAG	1086.2549.aa
149	AA	9	326	159	57	WAG	1086.2487.aa
150	AA	9	215	96	56	WAG	1086.2552.aa
151	AA	9	339	194	69	WAG	1086.2547.aa
152	AA	9	401	86	256	WAG	1086.1612.aa
153	AA	9	246	137	56	WAG	1086.2279.aa
154	AA	8	394	149	116	WAG	1086.2180.aa
155	AA	9	645	265	221	WAG	1086.2132.aa
156	AA	8	798	360	161	WAG	1086.2090.aa
157	AA	8	137	50	44	WAG	1086.2310.aa
158	AA	9	200	95	59	WAG	1086.2413.aa
159	AA	10	306	149	53	WAG	1086.2372.aa
160	AA	9	332	114	91	WAG	1086.2423.aa
161	AA	8	252	103	97	WAG	1086.2568.aa
162	AA	8	294	101	118	WAG	1086.2488.aa
163	AA	9	416	228	67	WAG	1086.2533.aa
164	AA	8	200	87	51	WAG	1086.2425.aa
165	AA	10	528	217	124	WAG	1086.2233.aa
166	AA	10	542	241	80	WAG	1086.2260.aa
167	AA	10	250	68	136	WAG	1086.2038.aa
168	AA	8	187	82	54	WAG	1086.2555.aa
169	AA	9	396	189	99	WAG	1086.1986.aa
170	AA	7	446	95	124	WAG	1086.2445.aa
171	AA	10	180	66	77	WAG	1086.2521.aa
172	AA	10	412	115	190	WAG	1086.2042.aa
173	AA	9	604	399	57	WAG	1086.2060.aa
174	AA	9	212	96	78	WAG	1086.2537.aa
175	AA	9	257	86	84	WAG	1086.2607.aa
176	AA	8	228	99	85	WAG	1086.2591.aa
177	AA	9	293	135	85	WAG	1086.2472.aa
178	AA	9	342	136	92	WAG	1086.2577.aa
179	AA	10	137	70	29	WAG	1086.2345.aa
180	AA	8	316	129	100	WAG	1086.2508.aa
181	AA	10	166	55	87	WAG	1086.2319.aa
182	AA	8	311	62	207	WAG	1086.2328.aa
183	AA	8	213	61	113	WAG	1086.2599.aa
184	AA	9	387	238	80	WAG	1086.2595.aa
185	AA	8	179	92	25	WAG	1086.2421.aa
186	AA	8	378	119	145	WAG	1086.1962.aa
187	AA	9	569	318	120	WAG	1086.2392.aa
188	AA	10	234	147	19	WAG	1086.2216.aa
189	AA	7	307	152	88	WAG	1086.1613.aa
190	AA	10	145	49	58	WAG	1086.2275.aa
191	AA	8	576	284	94	WAG	1086.2379.aa
192	AA	9	372	184	95	WAG	1086.2172.aa
193	AA	10	296	106	101	WAG	1086.2469.aa
194	AA	8	499	262	103	WAG	1086.2185.aa
195	AA	9	173	72	83	WAG	1086.2412.aa
196	AA	8	431	223	110	WAG	1086.2489.aa
197	AA	8	126	52	40	WAG	1086.2567.aa
198	AA	8	298	163	60	WAG	1086.2403.aa
199	AA	9	192	81	43	WAG	1086.2186.aa
200	AA	9	373	186	111	WAG	1086.2190.aa
201	AA	4	895	146	263	WAG	1086.2576.aa
202	AA	8	251	60	135	WAG	1086.2331.aa
203	AA	9	242	33	178	WAG	1086.2227.aa
204	AA	8	905	303	309	WAG	1086.2056.aa
205	AA	9	98	28	47	WAG	1086.2111.aa
206	AA	8	381	153	135	WAG	1086.1958.aa
207	AA	9	705	325	173	WAG	1086.2356.aa
208	AA	8	149	44	63	WAG	1086.2525.aa
209	AA	8	722	334	212	WAG	1086.2202.aa
210	AA	9	635	358	119	WAG	1086.2131.aa
211	AA	7	224	107	54	WAG	1086.2594.aa
212	AA	9	171	87	25	WAG	1086.2501.aa
213	AA	10	354	154	125	WAG	1086.2290.aa
214	AA	9	184	89	57	WAG	1086.2369.aa
215	AA	7	196	78	41	WAG	1086.2507.aa
216	AA	9	409	172	99	WAG	1086.2092.aa
217	AA	8	857	472	184	WAG	1086.2242.aa
218	AA	8	283	59	68	WAG	1086.2338.aa
219	AA	7	453	106	254	WAG	1086.2174.aa
220	AA	8	883	439	243	WAG	1086.2234.aa
221	AA	9	306	184	56	WAG	1086.2481.aa
222	AA	8	348	156	107	WAG	1086.2264.aa
223	AA	10	527	246	166	WAG	1086.2272.aa
224	AA	9	288	139	85	WAG	1086.1603.aa
225	AA	8	339	96	35	WAG	1086.2346.aa
226	AA	7	209	84	62	WAG	1086.2605.aa
227	AA	8	529	160	184	WAG	1086.2118.aa
228	AA	8	316	182	47	WAG	1086.2556.aa
229	AA	10	428	198	144	WAG	1086.1968.aa
230	AA	10	301	97	94	WAG	1086.2003.aa
231	AA	7	712	366	159	WAG	1086.2136.aa
232	AA	7	422	175	141	WAG	1086.2142.aa
233	AA	8	306	102	105	WAG	1086.2509.aa
234	AA	8	1331	454	531	WAG	1086.1830.aa
235	AA	9	406	147	175	WAG	1086.2032.aa
236	AA	8	372	161	104	WAG	1086.2208.aa
237	AA	8	218	103	51	WAG	1086.2530.aa
238	AA	9	400	174	144	WAG	1086.2304.aa
239	AA	9	220	64	69	WAG	1086.1859.aa
240	AA	9	170	84	37	WAG	1086.2486.aa
241	AA	9	905	421	242	WAG	1086.1826.aa
242	AA	9	224	109	20	WAG	1086.2491.aa
243	AA	9	206	90	56	WAG	1086.2563.aa
244	AA	9	552	192	206	WAG	1086.2058.aa
245	AA	7	189	62	77	WAG	1086.2224.aa
246	AA	10	320	110	79	WAG	1086.2144.aa
247	AA	9	245	29	169	WAG	1086.1698.aa
248	AA	9	342	108	170	WAG	1086.2327.aa
249	AA	9	168	62	60	WAG	1086.2544.aa
250	AA	7	140	69	33	WAG	1086.2417.aa
251	AA	10	140	37	68	WAG	1086.2545.aa
252	AA	8	512	188	135	WAG	1086.1943.aa
253	AA	10	523	202	214	WAG	1086.1954.aa
254	AA	9	293	143	57	WAG	1086.2535.aa
255	AA	7	347	117	86	WAG	1086.2613.aa
256	AA	10	229	52	82	WAG	1086.2308.aa
257	AA	9	253	122	59	WAG	1086.2344.aa
258	AA	8	212	87	45	WAG	1086.2527.aa
259	AA	10	188	26	138	WAG	1086.1717.aa
260	AA	8	163	76	42	WAG	1086.2494.aa
261	AA	8	584	285	188	WAG	1086.2079.aa
262	AA	8	266	122	51	WAG	1086.2434.aa
263	AA	9	744	316	225	WAG	1086.2135.aa
264	AA	10	275	89	69	WAG	1086.2518.aa
265	AA	9	430	134	92	WAG	1086.1852.aa
266	AA	9	322	148	92	WAG	1086.2351.aa
267	AA	8	347	190	51	WAG	1086.2117.aa
268	AA	10	293	157	71	WAG	1086.2278.aa
269	AA	10	660	287	123	WAG	1086.2165.aa
270	AA	10	239	125	27	WAG	1086.2312.aa
271	AA	10	224	127	32	WAG	1086.2418.aa
272	AA	7	159	26	45	WAG	1086.2462.aa
273	AA	8	172	73	66	WAG	1086.2436.aa
274	AA	9	202	97	57	WAG	1086.2461.aa
275	AA	10	309	114	143	WAG	1086.2500.aa
276	AA	7	235	77	46	WAG	1086.2528.aa
277	AA	10	295	116	102	WAG	1086.1262.aa
278	AA	8	253	149	24	WAG	1086.2348.aa
279	AA	9	599	260	172	WAG	1086.2068.aa
280	AA	9	778	445	154	WAG	1086.2156.aa
281	AA	8	167	101	20	WAG	1086.2387.aa
282	AA	7	153	43	65	WAG	1086.2454.aa
283	AA	8	202	128	32	WAG	1086.2442.aa
284	AA	9	284	85	159	WAG	1086.2009.aa
285	AA	10	359	199	70	WAG	1086.2332.aa
286	AA	8	410	204	104	WAG	1086.2095.aa
287	AA	8	500	245	180	WAG	1086.1618.aa
288	AA	10	207	140	48	WAG	1086.2287.aa
289	AA	9	597	308	166	WAG	1086.2270.aa
290	AA	6	100	30	35	WAG	1086.2513.aa
291	AA	10	208	56	74	WAG	1086.2452.aa
292	AA	9	600	299	142	WAG	1086.1984.aa
293	AA	7	125	34	47	WAG	1086.2601.aa
294	AA	9	345	102	157	WAG	1086.1873.aa
295	AA	9	441	271	53	WAG	1086.2514.aa
296	AA	9	399	191	103	WAG	1086.2524.aa
297	AA	9	493	252	117	WAG	1086.2148.aa
298	AA	8	204	118	46	WAG	1086.2534.aa
299	AA	8	155	48	61	WAG	1086.2610.aa
300	AA	8	147	40	61	WAG	1086.2611.aa
301	AA	6	259	58	79	WAG	1086.2420.aa
302	AA	9	488	268	82	WAG	1086.1782.aa
303	AA	8	317	115	150	WAG	1086.2191.aa
304	AA	8	202	84	70	WAG	1086.2352.aa
305	AA	8	242	113	65	WAG	1086.2407.aa
306	AA	10	549	300	148	WAG	1086.2265.aa
307	AA	8	440	209	110	WAG	1086.2455.aa
308	AA	6	88	27	29	WAG	1086.2439.aa
309	AA	4	132	4	32	WAG	1086.2225.aa
310	AA	10	260	145	49	WAG	1086.2456.aa
311	AA	8	214	126	37	WAG	1086.2245.aa
312	AA	10	428	246	67	WAG	1086.2306.aa
313	AA	8	303	108	107	WAG	1086.2382.aa
314	AA	8	495	241	150	WAG	1086.1772.aa
315	AA	9	1565	774	343	WAG	1086.1765.aa
316	AA	9	130	27	81	WAG	1086.2086.aa
317	AA	8	1139	441	475	WAG	1086.1838.aa
318	AA	8	468	194	161	WAG	1086.1932.aa
319	AA	8	117	58	29	WAG	1086.2502.aa
320	AA	9	451	308	19	WAG	1086.2134.aa
321	AA	10	266	122	49	WAG	1086.2110.aa
322	AA	8	443	170	172	WAG	1086.2085.aa
323	AA	8	222	92	65	WAG	1086.2396.aa
324	AA	9	486	251	100	WAG	1086.2354.aa
325	AA	10	203	121	51	WAG	1086.2490.aa
326	AA	6	405	83	131	WAG	1086.2450.aa
327	AA	7	146	22	82	WAG	1086.2311.aa
328	AA	9	353	195	73	WAG	1086.2033.aa
329	AA	7	151	65	32	WAG	1086.2335.aa
330	AA	9	299	117	97	WAG	1086.2362.aa
331	AA	9	780	351	244	WAG	1086.2006.aa
332	AA	8	176	62	62	WAG	1086.2565.aa
333	AA	9	219	110	48	WAG	1086.2430.aa
334	AA	10	302	205	57	WAG	1086.2602.aa
335	AA	8	261	67	118	WAG	1086.1850.aa
336	AA	8	186	91	47	WAG	1086.2474.aa
337	AA	10	417	210	75	WAG	1086.2411.aa
338	AA	6	173	20	90	WAG	1086.2381.aa
339	AA	9	645	346	158	WAG	1086.2323.aa
340	AA	9	354	96	170	WAG	1086.2562.aa
341	AA	9	435	242	79	WAG	1086.2380.aa
342	AA	7	259	79	86	WAG	1086.2448.aa
343	AA	8	995	543	150	WAG	1086.2044.aa
344	AA	10	214	109	49	WAG	1086.2349.aa
345	AA	8	226	71	95	WAG	1086.2325.aa
346	AA	9	858	301	186	WAG	1086.2159.aa
347	AA	8	247	91	61	WAG	1086.2386.aa
348	AA	9	307	49	116	WAG	1086.2112.aa
349	AA	9	286	123	101	WAG	1086.2197.aa
350	AA	8	211	134	34	WAG	1086.2315.aa
351	AA	8	240	113	52	WAG	1086.2273.aa
352	AA	8	295	108	115	WAG	1086.2578.aa
353	AA	8	272	169	49	WAG	1086.2083.aa
354	AA	6	130	17	49	WAG	1086.2200.aa
355	AA	9	348	118	144	WAG	1086.2256.aa
356	AA	9	805	548	106	WAG	1086.2024.aa
357	AA	8	270	115	89	WAG	1086.2313.aa
358	AA	9	716	345	214	WAG	1086.1988.aa
359	AA	9	782	322	269	WAG	1086.2237.aa
360	AA	8	795	417	126	WAG	1086.2241.aa
361	AA	8	798	348	201	WAG	1086.2048.aa
362	AA	8	295	133	94	WAG	1086.2093.aa
363	AA	9	416	246	87	WAG	1086.2334.aa
364	AA	7	122	63	24	WAG	1086.2593.aa
365	AA	8	401	136	129	WAG	1086.2194.aa
366	AA	7	569	125	87	WAG	1086.2212.aa
367	AA	7	344	134	63	WAG	1086.2298.aa
368	AA	9	347	90	181	WAG	1086.2459.aa
369	AA	9	402	191	100	WAG	1086.2329.aa
370	AA	10	284	147	96	WAG	1086.2408.aa
371	AA	8	313	194	49	WAG	1086.2532.aa
372	AA	9	463	269	44	WAG	1086.2597.aa
373	AA	8	180	88	49	WAG	1086.2446.aa
374	AA	8	194	80	39	WAG	1086.2492.aa
375	AA	8	216	102	58	WAG	1086.2608.aa
376	AA	8	264	128	39	WAG	1086.1893.aa
377	AA	7	362	103	96	WAG	1086.2253.aa
378	AA	8	370	207	69	WAG	1086.2517.aa
379	AA	9	940	425	127	WAG	1086.1790.aa
380	AA	9	295	67	120	WAG	1086.2282.aa
381	AA	7	337	127	97	WAG	1086.2550.aa
382	AA	8	849	443	43	WAG	1086.2167.aa
383	AA	8	183	64	78	WAG	1086.2360.aa
384	AA	8	301	108	99	WAG	1086.2301.aa
385	AA	8	388	160	139	WAG	1086.2007.aa
386	AA	3	424	0	157	WAG	1086.2570.aa
WARNING: No parsimony-informative sites in partition 1086.2570.aa
387	AA	8	419	214	102	WAG	1086.2170.aa
388	AA	9	462	233	104	WAG	1086.2318.aa
389	AA	10	231	114	54	WAG	1086.2526.aa
390	AA	9	332	193	68	WAG	1086.2438.aa
391	AA	8	305	115	112	WAG	1086.2222.aa
392	AA	10	483	143	223	WAG	1086.1948.aa
393	AA	9	337	106	152	WAG	1086.2321.aa
394	AA	10	402	213	69	WAG	1086.2065.aa
395	AA	10	159	73	34	WAG	1086.2612.aa
396	AA	8	156	92	15	WAG	1086.2250.aa
397	AA	9	608	269	206	WAG	1086.2572.aa
398	AA	7	168	33	51	WAG	1086.2437.aa
399	AA	9	302	83	164	WAG	1086.2082.aa
400	AA	8	364	142	115	WAG	1086.2010.aa
401	AA	10	326	173	109	WAG	1086.2228.aa
402	AA	9	1005	330	483	WAG	1086.1946.aa
403	AA	9	333	159	95	WAG	1086.2566.aa
404	AA	10	80	35	16	WAG	1086.2285.aa
405	AA	9	249	153	47	WAG	1086.2261.aa
406	AA	10	129	83	25	WAG	1086.2571.aa
407	AA	10	453	207	171	WAG	1086.2211.aa
408	AA	6	305	82	39	WAG	1086.2429.aa
409	AA	10	443	231	52	WAG	1086.2336.aa
410	AA	9	213	91	58	WAG	1086.2431.aa
411	AA	10	404	154	106	WAG	1086.1931.aa
412	AA	9	664	368	121	WAG	1086.2375.aa
413	AA	8	605	268	40	WAG	1086.1996.aa
414	AA	8	409	126	162	WAG	1086.2104.aa
415	AA	3	203	0	18	WAG	1086.2389.aa
WARNING: No parsimony-informative sites in partition 1086.2389.aa
416	AA	8	148	79	35	WAG	1086.2460.aa
417	AA	5	158	33	34	WAG	1086.2476.aa
418	AA	8	671	281	173	WAG	1086.2001.aa
419	AA	9	212	70	109	WAG	1086.2169.aa
420	AA	10	309	150	101	WAG	1086.1907.aa
421	AA	9	982	447	255	WAG	1086.2109.aa
422	AA	7	109	57	9	WAG	1086.2560.aa
423	AA	9	305	229	24	WAG	1086.2341.aa
424	AA	8	306	92	113	WAG	1086.2317.aa
425	AA	9	301	112	114	WAG	1086.2223.aa
426	AA	8	206	124	33	WAG	1086.2596.aa
427	AA	9	286	100	124	WAG	1086.2405.aa
428	AA	8	274	156	29	WAG	1086.2536.aa
429	AA	10	418	180	124	WAG	1086.2586.aa
430	AA	8	746	331	281	WAG	1086.2214.aa
431	AA	9	200	63	95	WAG	1086.2164.aa
432	AA	8	173	58	78	WAG	1086.2404.aa
433	AA	6	429	125	64	WAG	1086.2203.aa
Degree of missing data: 0.158
Info: multi-threading strategy over partitions

WARNING: States(s) W rarely appear in partition 1086.2419.aa and may cause numerical problems
WARNING: States(s) W rarely appear in partition 1086.2326.aa and may cause numerical problems
WARNING: States(s) C rarely appear in partition 1086.2305.aa and may cause numerical problems
WARNING: States(s) C rarely appear in partition 1086.2316.aa and may cause numerical problems
WARNING: States(s) W rarely appear in partition 1086.2511.aa and may cause numerical problems
WARNING: States(s) W rarely appear in partition 1086.2299.aa and may cause numerical problems
WARNING: States(s) W rarely appear in partition 1086.2603.aa and may cause numerical problems
WARNING: States(s) W rarely appear in partition 1086.2463.aa and may cause numerical problems
WARNING: States(s) W rarely appear in partition 1086.2340.aa and may cause numerical problems
WARNING: States(s) W rarely appear in partition 1086.2512.aa and may cause numerical problems
WARNING: States(s) W rarely appear in partition 1086.2064.aa and may cause numerical problems
WARNING: States(s) W rarely appear in partition 1086.2310.aa and may cause numerical problems
WARNING: States(s) C, W rarely appear in partition 1086.2413.aa and may cause numerical problems
WARNING: States(s) C, W rarely appear in partition 1086.2345.aa and may cause numerical problems
WARNING: States(s) W rarely appear in partition 1086.2331.aa and may cause numerical problems
WARNING: States(s) W rarely appear in partition 1086.2525.aa and may cause numerical problems
WARNING: States(s) W rarely appear in partition 1086.2545.aa and may cause numerical problems
WARNING: States(s) C rarely appear in partition 1086.2494.aa and may cause numerical problems
WARNING: States(s) W rarely appear in partition 1086.2442.aa and may cause numerical problems
WARNING: States(s) W rarely appear in partition 1086.2086.aa and may cause numerical problems
NOTE: State(s) W not present in partition 1086.2381.aa and thus removed from Markov process to prevent numerical problems
WARNING: States(s) W rarely appear in partition 1086.2325.aa and may cause numerical problems
WARNING: States(s) C rarely appear in partition 1086.2315.aa and may cause numerical problems
WARNING: States(s) M rarely appear in partition 1086.2200.aa and may cause numerical problems
WARNING: States(s) W rarely appear in partition 1086.2492.aa and may cause numerical problems
WARNING: States(s) W rarely appear in partition 1086.2612.aa and may cause numerical problems
WARNING: States(s) W rarely appear in partition 1086.2571.aa and may cause numerical problems
WARNING: States(s) W rarely appear in partition 1086.2460.aa and may cause numerical problems
NOTE: 1 states (see above) are not present and thus removed from Markov process to prevent numerical problems
Computing Juke-Cantor distances...
Computing BIONJ tree...
0.142 seconds
Generating 1000 samples for ultrafast bootstrap (seed: 2231)...

NOTE: 676 MB RAM (0 GB) is required!
Measuring multi-threading efficiency up to 64 CPU cores
Increase to 10 rounds for branch lengths
11 trees examined
Threads: 1 / Time: 65.862 sec / Speedup: 1.000 / Efficiency: 100% / LogL: -2034853
Threads: 2 / Time: 35.537 sec / Speedup: 1.853 / Efficiency: 93% / LogL: -2034853
Threads: 3 / Time: 27.904 sec / Speedup: 2.360 / Efficiency: 79% / LogL: -2034853
Threads: 4 / Time: 24.021 sec / Speedup: 2.742 / Efficiency: 69% / LogL: -2034853
Threads: 5 / Time: 19.472 sec / Speedup: 3.382 / Efficiency: 68% / LogL: -2034853
Threads: 6 / Time: 19.998 sec / Speedup: 3.293 / Efficiency: 55% / LogL: -2034853
Threads: 7 / Time: 19.075 sec / Speedup: 3.453 / Efficiency: 49% / LogL: -2034853
BEST NUMBER OF THREADS: 5

Estimate model parameters (epsilon = 0.100)
Initial log-likelihood: -1847046.709
Current log-likelihood at step 1: -1826781.975
Current log-likelihood at step 2: -1826778.558
Current log-likelihood at step 3: -1826778.554
Partition-specific rates:  0.121 0.292 0.308 0.203 0.096 0.180 0.156 0.206 0.162 0.121 0.209 0.335 784.915 0.256 0.108 0.043 0.127 571.077 0.242 0.252 0.072 0.184 0.166 0.041 0.213 0.253 0.262 0.276 0.165 0.142 0.269 0.122 0.360 0.139 0.233 0.272 0.275 0.342 0.183 0.149 0.186 0.242 0.185 0.201 0.179 0.212 0.227 0.223 0.128 0.158 0.227 0.152 0.096 0.379 0.295 0.203 0.148 0.568 0.180 0.162 0.128 0.249 0.265 0.145 0.263 0.098 0.213 0.225 0.241 0.233 0.136 0.285 0.212 0.208 0.137 0.211 0.200 0.150 0.162 0.164 0.266 0.310 0.181 0.214 0.110 0.301 0.230 0.246 0.308 0.254 0.270 0.045 0.199 0.216 0.158 0.367 0.276 0.192 0.322 0.211 0.303 0.122 0.159 0.143 0.154 0.291 0.024 0.286 0.258 0.219 0.190 0.224 0.294 0.216 0.167 0.113 0.146 0.129 0.103 0.076 0.235 0.262 0.145 0.151 0.105 0.231 0.261 0.036 0.199 0.231 0.163 0.249 0.135 0.233 0.119 0.114 0.164 0.089 0.210 0.133 0.203 0.208 0.133 0.194 0.195 0.242 0.274 0.238 0.255 0.192 0.234 0.060 0.244 0.236 0.156 0.184 0.160 0.140 0.183 0.190 0.163 0.129 0.190 0.156 0.190 0.300 0.073 0.198 0.223 0.170 0.096 0.103 0.324 0.160 0.141 0.159 0.153 0.192 0.152 0.202 0.082 0.058 0.080 0.215 0.232 0.121 0.265 0.336 0.220 0.098 0.302 0.163 0.148 0.237 0.099 0.230 0.177 0.279 0.186 0.160 0.278 0.101 0.030 0.121 0.093 0.156 0.227 0.155 0.167 0.208 0.209 0.297 0.152 0.192 0.280 0.259 0.200 0.126 0.105 0.175 0.333 0.153 0.139 0.153 0.209 0.203 0.161 0.218 0.111 0.113 0.186 0.185 0.201 0.145 0.125 0.179 0.307 0.157 0.143 0.308 0.177 0.307 0.144 0.162 0.144 0.131 0.048 0.091 0.131 0.249 0.098 0.184 0.125 0.230 0.199 0.162 0.172 0.306 0.030 0.169 0.182 0.193 0.142 0.177 0.157 0.194 0.335 0.139 0.193 0.253 0.263 0.186 0.123 0.154 0.110 0.274 0.137 0.395 0.162 0.216 0.253 0.185 0.246 0.070 0.188 0.210 0.150 0.114 0.179 0.174 0.082 0.181 0.132 0.090 0.420 0.247 0.260 0.232 0.116 0.105 0.226 0.266 0.092 0.202 0.162 0.201 0.253 0.158 0.232 0.268 0.293 0.310 0.178 0.149 0.249 0.064 0.129 0.179 0.216 0.524 0.202 0.117 0.204 0.194 0.199 0.170 0.072 0.233 0.211 0.153 0.157 0.138 0.225 0.301 0.118 0.162 0.302 0.089 0.208 0.092 0.312 0.204 0.212 0.214 0.113 0.188 0.229 0.092 0.162 0.214 0.258 0.140 0.240 0.156 0.133 0.285 0.168 0.147 0.162 0.283 0.164 0.149 0.241 0.253 0.168 0.226 0.260 0.094 0.135 0.183 0.360 0.269 0.201 0.142 0.224 0.218 0.259 0.208 0.212 0.091 0.217 0.437 0.105 0.143 0.141 0.183 0.175 0.269 0.192 0.279 0.143 0.099 0.113 0.196 0.190 0.394 0.189 0.150 0.084 0.193 0.173 0.107 0.172 0.160 0.235 0.215 0.141 0.259 0.221 0.217 0.177 0.261 0.384 0.158 0.924 0.157 0.270 0.197 0.095 0.186 0.207 0.396 0.383 0.155 0.121 0.236 0.123 0.449 0.165 0.167 0.115 0.131 0.355
Parameters optimization took 2 rounds (1.836 sec)

Computing ML distances based on estimated model parameters... 4.731 sec
Computing BIONJ tree...
0.009 seconds
Estimate model parameters (epsilon = 0.100)
Initial log-likelihood: -1832467.571
Current log-likelihood at step 1: -1826797.867
WARNING: Too high (saturated) partition rates for proportional partition model!
Current log-likelihood at step 2: -1826787.285
WARNING: Too high (saturated) partition rates for proportional partition model!
Current log-likelihood at step 3: -1826787.285
Parameters optimization took 2 rounds (2.058 sec)

Log-likelihood of BIONJ tree: -1826787.285
--------------------------------------------------------------------
|             INITIALIZING CANDIDATE TREE SET                      |
--------------------------------------------------------------------

Do NNI search on 1 best initial trees
Estimate model parameters (epsilon = 0.100)
Initial log-likelihood: -1851363.126
WARNING: Too high (saturated) partition rates for proportional partition model!
Current log-likelihood at step 1: -1846186.107
WARNING: Too high (saturated) partition rates for proportional partition model!
Current log-likelihood at step 2: -1846186.107
Parameters optimization took 1 rounds (1.231 sec)

UPDATE BEST LOG-LIKELIHOOD: -1846186.107
Finish initializing candidate tree set (1)
Current best tree score: -1846186.107 / CPU time: 7.134
Number of iterations: 1
--------------------------------------------------------------------
|               OPTIMIZING CANDIDATE TREE SET                      |
--------------------------------------------------------------------
Iteration 10 / LogL: -1868489.985 / Time: 0h:4m:1s
Iteration 20 / LogL: -1913448.415 / Time: 0h:4m:19s
Iteration 30 / LogL: -1866435.518 / Time: 0h:4m:36s (0h:11m:4s left)
Iteration 40 / LogL: -1924491.133 / Time: 0h:4m:55s (0h:7m:32s left)
Iteration 50 / LogL: -1873280.509 / Time: 0h:5m:10s (0h:5m:15s left)
Log-likelihood cutoff on original alignment: -1851450.196
Iteration 60 / LogL: -1883217.089 / Time: 0h:5m:26s (0h:3m:40s left)
Iteration 70 / LogL: -1938154.111 / Time: 0h:5m:41s (0h:2m:27s left)
Iteration 80 / LogL: -1859127.019 / Time: 0h:5m:57s (0h:1m:30s left)
Iteration 90 / LogL: -1877156.955 / Time: 0h:6m:13s (0h:0m:41s left)
Iteration 100 / LogL: -1892423.991 / Time: 0h:6m:26s (0h:0m:0s left)
Log-likelihood cutoff on original alignment: -1851450.196
NOTE: Bootstrap correlation coefficient of split occurrence frequencies: 1.000
TREE SEARCH COMPLETED AFTER 101 ITERATIONS / Time: 0h:6m:27s

--------------------------------------------------------------------
|                    FINALIZING TREE SEARCH                        |
--------------------------------------------------------------------
Performs final model parameters optimization
Estimate model parameters (epsilon = 0.010)
Initial log-likelihood: -1846186.107
WARNING: Too high (saturated) partition rates for proportional partition model!
Current log-likelihood at step 1: -1846186.107
Partition-specific rates:  0.002 0.004 0.004 0.003 0.001 0.002 0.002 0.003 0.002 0.002 0.003 0.005 979.020 0.004 0.001 0.001 0.002 712.015 0.003 0.004 0.001 0.003 0.002 0.001 0.003 0.003 0.004 0.004 0.002 0.002 0.004 0.002 0.005 0.002 0.003 0.003 0.004 0.005 0.003 0.002 0.003 0.003 0.003 0.003 0.002 0.003 0.003 0.003 0.002 0.002 0.003 0.002 0.001 0.005 0.004 0.003 0.002 0.006 0.002 0.002 0.002 0.004 0.004 0.002 0.003 0.001 0.003 0.003 0.003 0.003 0.002 0.004 0.003 0.003 0.002 0.003 0.003 0.002 0.002 0.002 0.004 0.004 0.003 0.003 0.001 0.004 0.003 0.003 0.005 0.003 0.004 0.001 0.003 0.003 0.002 0.005 0.004 0.003 0.005 0.003 0.004 0.002 0.002 0.002 0.002 0.004 0.000 0.004 0.004 0.003 0.003 0.003 0.004 0.003 0.002 0.002 0.002 0.002 0.001 0.001 0.003 0.004 0.002 0.002 0.001 0.003 0.004 0.001 0.003 0.003 0.002 0.003 0.002 0.003 0.002 0.002 0.002 0.001 0.003 0.002 0.003 0.003 0.002 0.003 0.003 0.004 0.004 0.003 0.003 0.003 0.003 0.001 0.003 0.003 0.002 0.003 0.002 0.002 0.003 0.003 0.002 0.002 0.003 0.002 0.003 0.004 0.001 0.003 0.003 0.002 0.001 0.001 0.004 0.002 0.002 0.002 0.002 0.003 0.002 0.003 0.001 0.001 0.001 0.003 0.003 0.002 0.004 0.005 0.003 0.001 0.004 0.002 0.002 0.003 0.001 0.003 0.003 0.004 0.003 0.002 0.003 0.001 0.000 0.002 0.001 0.002 0.003 0.002 0.002 0.003 0.003 0.004 0.002 0.002 0.004 0.004 0.003 0.002 0.002 0.002 0.005 0.002 0.002 0.002 0.003 0.003 0.002 0.003 0.002 0.002 0.003 0.003 0.003 0.002 0.002 0.003 0.004 0.002 0.002 0.004 0.002 0.004 0.002 0.002 0.002 0.002 0.001 0.001 0.002 0.004 0.001 0.003 0.002 0.003 0.003 0.002 0.002 0.004 0.000 0.002 0.003 0.003 0.002 0.002 0.002 0.003 0.005 0.002 0.003 0.003 0.004 0.003 0.002 0.002 0.001 0.004 0.002 0.005 0.002 0.003 0.004 0.003 0.003 0.001 0.003 0.003 0.002 0.002 0.002 0.002 0.001 0.003 0.002 0.001 0.006 0.003 0.004 0.003 0.002 0.001 0.004 0.004 0.001 0.003 0.002 0.003 0.004 0.002 0.004 0.004 0.004 0.004 0.002 0.002 0.003 0.001 0.002 0.003 0.003 0.007 0.003 0.002 0.003 0.003 0.003 0.003 0.001 0.003 0.003 0.002 0.002 0.002 0.003 0.004 0.002 0.002 0.004 0.001 0.003 0.001 0.004 0.003 0.003 0.003 0.002 0.003 0.003 0.001 0.002 0.003 0.003 0.002 0.003 0.002 0.002 0.004 0.002 0.002 0.002 0.004 0.002 0.002 0.003 0.004 0.002 0.003 0.004 0.001 0.002 0.003 0.005 0.004 0.003 0.002 0.003 0.003 0.004 0.003 0.003 0.001 0.003 0.006 0.001 0.002 0.002 0.003 0.002 0.004 0.003 0.004 0.002 0.001 0.002 0.003 0.003 0.005 0.003 0.002 0.001 0.003 0.002 0.001 0.002 0.002 0.003 0.003 0.002 0.004 0.003 0.003 0.002 0.004 0.005 0.002 0.011 0.002 0.004 0.002 0.001 0.003 0.003 0.005 0.005 0.002 0.002 0.003 0.002 0.006 0.002 0.002 0.002 0.002 0.005
Parameters optimization took 0 rounds (0.337 sec)

BEST SCORE FOUND : -1846186.107
Creating bootstrap support values...
Split supports printed to NEXUS file Ento.10_taxa.JGI_1086.RUN.splits.nex
Total tree length: 982.893

Total number of iterations: 101
CPU time used for tree search: 822.629 sec (0h:13m:42s)
Wall-clock time used for tree search: 166.778 sec (0h:2m:46s)
Total CPU time used: 1519.602 sec (0h:25m:19s)
Total wall-clock time used: 388.155 sec (0h:6m:28s)

Computing bootstrap consensus tree...
Reading input file Ento.10_taxa.JGI_1086.RUN.splits.nex...
10 taxa and 18 splits.
Consensus tree written to Ento.10_taxa.JGI_1086.RUN.contree
Reading input trees file Ento.10_taxa.JGI_1086.RUN.contree
Log-likelihood of consensus tree: -2130373.202

Analysis results written to: 
  IQ-TREE report:                Ento.10_taxa.JGI_1086.RUN.iqtree
  Maximum-likelihood tree:       Ento.10_taxa.JGI_1086.RUN.treefile
  BIONJ tree:                    Ento.10_taxa.JGI_1086.RUN.bionj
  Likelihood distances:          Ento.10_taxa.JGI_1086.RUN.mldist

Ultrafast bootstrap approximation results written to:
  Split support values:          Ento.10_taxa.JGI_1086.RUN.splits.nex
  Consensus tree:                Ento.10_taxa.JGI_1086.RUN.contree
  Screen log file:               Ento.10_taxa.JGI_1086.RUN.log

Date and Time: Wed Apr 11 21:59:11 2018
